SF:lib/src/screens/home_screen.dart
DA:10,3
DA:11,3
DA:17,3
DA:19,3
DA:20,9
DA:23,3
DA:25,3
DA:27,3
DA:28,3
DA:29,3
DA:30,3
DA:31,9
DA:33,3
DA:34,3
DA:35,3
DA:36,3
DA:37,1
DA:38,1
DA:41,2
DA:42,1
DA:43,2
DA:44,1
DA:45,1
DA:46,1
DA:48,1
DA:49,2
DA:50,1
DA:51,1
DA:53,1
DA:54,1
DA:55,1
DA:56,1
DA:58,1
DA:59,2
DA:60,2
DA:62,1
DA:79,3
DA:81,3
LF:38
LH:38
end_of_record
SF:lib/src/screens/login_screen.dart
DA:10,1
DA:11,1
DA:18,1
DA:20,1
DA:23,1
DA:25,2
DA:26,2
DA:27,1
DA:30,1
DA:32,1
DA:33,1
DA:34,1
DA:35,1
DA:36,2
DA:37,1
DA:38,1
DA:40,1
DA:42,2
DA:45,1
DA:46,1
DA:47,2
DA:48,1
DA:51,1
DA:53,1
DA:54,1
DA:56,1
DA:57,1
DA:58,1
DA:59,1
DA:60,1
DA:61,1
DA:67,1
DA:68,1
DA:69,1
DA:75,1
DA:84,1
DA:85,1
LF:37
LH:37
end_of_record
SF:lib/src/screens/main_screen.dart
DA:9,2
DA:10,2
DA:22,2
DA:24,2
DA:27,2
DA:29,2
DA:30,2
DA:32,2
DA:39,6
DA:40,2
DA:41,2
DA:44,2
DA:45,2
DA:46,2
DA:47,2
DA:48,2
DA:49,2
DA:51,2
DA:54,2
DA:55,2
DA:56,2
DA:58,2
DA:66,1
DA:67,2
DA:68,1
LF:25
LH:25
end_of_record
SF:lib/src/screens/profile_screen.dart
DA:6,2
DA:8,2
DA:13,2
DA:15,2
DA:18,2
DA:20,2
DA:22,2
DA:23,2
LF:8
LH:8
end_of_record
SF:lib/src/shared/utils/custom_route_settings.dart
DA:12,2
DA:13,2
DA:14,2
DA:15,2
DA:17,2
DA:18,4
DA:20,1
DA:21,2
DA:23,1
DA:24,2
DA:27,4
LF:11
LH:11
end_of_record
SF:lib/src/controllers/joke_controller.dart
DA:10,10
DA:12,4
DA:13,4
DA:16,1
DA:20,3
DA:24,3
DA:25,9
DA:26,3
DA:27,2
DA:29,6
LF:10
LH:10
end_of_record
SF:lib/src/models/joke.dart
DA:7,2
DA:12,3
DA:14,4
DA:15,4
DA:16,2
DA:18,2
DA:19,8
DA:28,2
DA:34,4
DA:35,4
DA:36,4
DA:37,2
DA:39,8
LF:13
LH:13
end_of_record
SF:lib/src/shared/http_status_helper.dart
DA:7,4
DA:8,8
DA:9,4
DA:13,8
LF:4
LH:4
end_of_record
SF:lib/src/shared/utils/custom_logger.dart
DA:9,15
DA:11,5
DA:12,5
DA:15,5
DA:17,3
DA:19,2
DA:20,4
DA:21,4
DA:22,2
DA:26,5
DA:27,20
DA:28,5
DA:29,10
DA:31,5
DA:33,2
DA:34,4
DA:35,4
DA:36,2
DA:40,1
DA:41,2
DA:42,1
DA:45,1
DA:47,2
DA:48,4
DA:49,2
LF:25
LH:25
end_of_record
SF:lib/src/shared/widgets/loading_indicator.dart
DA:4,6
DA:6,3
DA:8,3
DA:13,3
DA:15,3
DA:18,3
DA:20,3
DA:23,3
DA:25,3
DA:26,3
LF:10
LH:10
end_of_record
SF:lib/src/shared/widgets/large_text_field.dart
DA:11,1
DA:19,1
DA:21,1
DA:22,2
DA:23,1
DA:24,1
DA:26,1
DA:27,1
DA:29,1
DA:30,2
LF:10
LH:10
end_of_record
SF:lib/src/shared/widgets/logo.dart
DA:5,1
DA:7,1
DA:8,1
DA:10,1
DA:13,1
LF:5
LH:5
end_of_record
